nohup: ignoring input
2025-06-15 10:43:54.694 | INFO     | parsing:load:213 - Successfully loaded 40 patients from /home/home/lucas/projects/gbm_bench/gbm_bench/data/datasets/rhuh.json.
Predicting 0/40...
/mnt/Drive2/lucas/datasets/RHUH-GBM/Images/DICOM/RHUH-GBM/RHUH-0001/01-25-2015-NA-RM CEREBRAL6NEURNAV-21029
start forward registration
finished registration
 
>>>>>>>>>>>>>>>>>>>>>>>>>>>>>>>>>>>>>>>>>>>>>>>>>>>>>>>>>>>
run  /home/home/lucas/projects/dockerize/infer-LMI/simulator/brain -model RD -PatFileName /home/home/lucas/projects/dockerize/infer-LMI/Atlasfiles/anatomy_dat/ -Dw 0.10879184081782704 -rho 0.08706276565722067 -Tend 100 -dumpfreq 99.99 -icx 0.2708988159894943 -icy 0.40699893534183507 -icz 0.28408886045217513 -vtk 1 -N 16 -adaptive 0
<<<<<<<<<<<<<<<<<<<<<<<<<<<<<<<<<<<<<<<<<<<<<<<<<<<<<<<<<<<	
 
129, 129, 129
Predicting 1/40...
/mnt/Drive2/lucas/datasets/RHUH-GBM/Images/DICOM/RHUH-GBM/RHUH-0002/08-20-2016-NA-RM CEREBRO  C-49009
start forward registration
finished registration
 
>>>>>>>>>>>>>>>>>>>>>>>>>>>>>>>>>>>>>>>>>>>>>>>>>>>>>>>>>>>
run  /home/home/lucas/projects/dockerize/infer-LMI/simulator/brain -model RD -PatFileName /home/home/lucas/projects/dockerize/infer-LMI/Atlasfiles/anatomy_dat/ -Dw 0.032476110715732406 -rho 0.08440176730271715 -Tend 100 -dumpfreq 99.99 -icx 0.5370949625968933 -icy 0.2265493452548981 -icz 0.474419455230236 -vtk 1 -N 16 -adaptive 0
<<<<<<<<<<<<<<<<<<<<<<<<<<<<<<<<<<<<<<<<<<<<<<<<<<<<<<<<<<<	
 
129, 129, 129
Predicting 2/40...
/mnt/Drive2/lucas/datasets/RHUH-GBM/Images/DICOM/RHUH-GBM/RHUH-0003/12-15-2015-NA-RM CEREBRO-98075
start forward registration
finished registration
 
>>>>>>>>>>>>>>>>>>>>>>>>>>>>>>>>>>>>>>>>>>>>>>>>>>>>>>>>>>>
run  /home/home/lucas/projects/dockerize/infer-LMI/simulator/brain -model RD -PatFileName /home/home/lucas/projects/dockerize/infer-LMI/Atlasfiles/anatomy_dat/ -Dw 0.024841142457794892 -rho 0.10713760521292022 -Tend 100 -dumpfreq 99.99 -icx 0.6140038520097731 -icy 0.35968303382396705 -icz 0.4057928118854761 -vtk 1 -N 16 -adaptive 0
<<<<<<<<<<<<<<<<<<<<<<<<<<<<<<<<<<<<<<<<<<<<<<<<<<<<<<<<<<<	
 
129, 129, 129
Predicting 3/40...
/mnt/Drive2/lucas/datasets/RHUH-GBM/Images/DICOM/RHUH-GBM/RHUH-0004/11-19-2014-NA-RM CEREBRAL-20636
start forward registration
finished registration
 
>>>>>>>>>>>>>>>>>>>>>>>>>>>>>>>>>>>>>>>>>>>>>>>>>>>>>>>>>>>
run  /home/home/lucas/projects/dockerize/infer-LMI/simulator/brain -model RD -PatFileName /home/home/lucas/projects/dockerize/infer-LMI/Atlasfiles/anatomy_dat/ -Dw 0.05442632257907077 -rho 0.1189030778546478 -Tend 100 -dumpfreq 99.99 -icx 0.640821948647499 -icy 0.27649903297424316 -icz 0.3891880299896001 -vtk 1 -N 16 -adaptive 0
<<<<<<<<<<<<<<<<<<<<<<<<<<<<<<<<<<<<<<<<<<<<<<<<<<<<<<<<<<<	
 
129, 129, 129
Predicting 4/40...
/mnt/Drive2/lucas/datasets/RHUH-GBM/Images/DICOM/RHUH-GBM/RHUH-0005/05-25-2013-NA-RM CRANEONEURONAVEGADOR-29811
start forward registration
finished registration
 
>>>>>>>>>>>>>>>>>>>>>>>>>>>>>>>>>>>>>>>>>>>>>>>>>>>>>>>>>>>
run  /home/home/lucas/projects/dockerize/infer-LMI/simulator/brain -model RD -PatFileName /home/home/lucas/projects/dockerize/infer-LMI/Atlasfiles/anatomy_dat/ -Dw 0.05063565311757527 -rho 0.1014608137509196 -Tend 100 -dumpfreq 99.99 -icx 0.49612117856740945 -icy 0.3464084684848786 -icz 0.41459133606404064 -vtk 1 -N 16 -adaptive 0
<<<<<<<<<<<<<<<<<<<<<<<<<<<<<<<<<<<<<<<<<<<<<<<<<<<<<<<<<<<	
 
129, 129, 129
Predicting 5/40...
/mnt/Drive2/lucas/datasets/RHUH-GBM/Images/DICOM/RHUH-GBM/RHUH-0006/04-29-2017-NA-RM CEREBRAL-99588
start forward registration
finished registration
 
>>>>>>>>>>>>>>>>>>>>>>>>>>>>>>>>>>>>>>>>>>>>>>>>>>>>>>>>>>>
run  /home/home/lucas/projects/dockerize/infer-LMI/simulator/brain -model RD -PatFileName /home/home/lucas/projects/dockerize/infer-LMI/Atlasfiles/anatomy_dat/ -Dw 0.056062293034947565 -rho 0.15101525562206888 -Tend 100 -dumpfreq 99.99 -icx 0.5951300173997879 -icy 0.7604102730751039 -icz 0.40727504435926676 -vtk 1 -N 16 -adaptive 0
<<<<<<<<<<<<<<<<<<<<<<<<<<<<<<<<<<<<<<<<<<<<<<<<<<<<<<<<<<<	
 
129, 129, 129
Predicting 6/40...
/mnt/Drive2/lucas/datasets/RHUH-GBM/Images/DICOM/RHUH-GBM/RHUH-0007/03-08-2016-NA-RM CEREBRAL-74997
start forward registration
finished registration
 
>>>>>>>>>>>>>>>>>>>>>>>>>>>>>>>>>>>>>>>>>>>>>>>>>>>>>>>>>>>
run  /home/home/lucas/projects/dockerize/infer-LMI/simulator/brain -model RD -PatFileName /home/home/lucas/projects/dockerize/infer-LMI/Atlasfiles/anatomy_dat/ -Dw 0.02257838487147453 -rho 0.10926582190099234 -Tend 100 -dumpfreq 99.99 -icx 0.2540047854185104 -icy 0.27307066917419437 -icz 0.41508813519030807 -vtk 1 -N 16 -adaptive 0
<<<<<<<<<<<<<<<<<<<<<<<<<<<<<<<<<<<<<<<<<<<<<<<<<<<<<<<<<<<	
 
129, 129, 129
Predicting 7/40...
/mnt/Drive2/lucas/datasets/RHUH-GBM/Images/DICOM/RHUH-GBM/RHUH-0008/09-27-2015-NA-Craneo-26679
start forward registration
finished registration
 
>>>>>>>>>>>>>>>>>>>>>>>>>>>>>>>>>>>>>>>>>>>>>>>>>>>>>>>>>>>
run  /home/home/lucas/projects/dockerize/infer-LMI/simulator/brain -model RD -PatFileName /home/home/lucas/projects/dockerize/infer-LMI/Atlasfiles/anatomy_dat/ -Dw 0.0442856800080768 -rho 0.10319949414773735 -Tend 100 -dumpfreq 99.99 -icx 0.20518697202205657 -icy 0.5305284626781941 -icz 0.31884282678365705 -vtk 1 -N 16 -adaptive 0
<<<<<<<<<<<<<<<<<<<<<<<<<<<<<<<<<<<<<<<<<<<<<<<<<<<<<<<<<<<	
 
129, 129, 129
Predicting 8/40...
/mnt/Drive2/lucas/datasets/RHUH-GBM/Images/DICOM/RHUH-GBM/RHUH-0009/12-26-2015-NA-RM CEREBRO-43886
start forward registration
finished registration
 
>>>>>>>>>>>>>>>>>>>>>>>>>>>>>>>>>>>>>>>>>>>>>>>>>>>>>>>>>>>
run  /home/home/lucas/projects/dockerize/infer-LMI/simulator/brain -model RD -PatFileName /home/home/lucas/projects/dockerize/infer-LMI/Atlasfiles/anatomy_dat/ -Dw 0.043717306148950176 -rho 0.10178051551991149 -Tend 100 -dumpfreq 99.99 -icx 0.6110346049070358 -icy 0.3659139573574066 -icz 0.40620340518653386 -vtk 1 -N 16 -adaptive 0
<<<<<<<<<<<<<<<<<<<<<<<<<<<<<<<<<<<<<<<<<<<<<<<<<<<<<<<<<<<	
 
129, 129, 129
Predicting 9/40...
/mnt/Drive2/lucas/datasets/RHUH-GBM/Images/DICOM/RHUH-GBM/RHUH-0010/07-15-2013-NA-RM NEURONAVEGADOR-43001
start forward registration
finished registration
 
>>>>>>>>>>>>>>>>>>>>>>>>>>>>>>>>>>>>>>>>>>>>>>>>>>>>>>>>>>>
run  /home/home/lucas/projects/dockerize/infer-LMI/simulator/brain -model RD -PatFileName /home/home/lucas/projects/dockerize/infer-LMI/Atlasfiles/anatomy_dat/ -Dw 0.021818319139567725 -rho 0.09045524449566972 -Tend 100 -dumpfreq 99.99 -icx 0.5344879545271396 -icy 0.5738695472478867 -icz 0.5719062820076942 -vtk 1 -N 16 -adaptive 0
<<<<<<<<<<<<<<<<<<<<<<<<<<<<<<<<<<<<<<<<<<<<<<<<<<<<<<<<<<<	
 
129, 129, 129
Predicting 10/40...
/mnt/Drive2/lucas/datasets/RHUH-GBM/Images/DICOM/RHUH-GBM/RHUH-0011/08-20-2017-NA-RM CRANEO-91051
start forward registration
finished registration
 
>>>>>>>>>>>>>>>>>>>>>>>>>>>>>>>>>>>>>>>>>>>>>>>>>>>>>>>>>>>
run  /home/home/lucas/projects/dockerize/infer-LMI/simulator/brain -model RD -PatFileName /home/home/lucas/projects/dockerize/infer-LMI/Atlasfiles/anatomy_dat/ -Dw 0.047766192904225235 -rho 0.10823257201422731 -Tend 100 -dumpfreq 99.99 -icx 0.6241525441408157 -icy 0.4761993624269963 -icz 0.3042575567960739 -vtk 1 -N 16 -adaptive 0
<<<<<<<<<<<<<<<<<<<<<<<<<<<<<<<<<<<<<<<<<<<<<<<<<<<<<<<<<<<	
 
129, 129, 129
Predicting 11/40...
/mnt/Drive2/lucas/datasets/RHUH-GBM/Images/DICOM/RHUH-GBM/RHUH-0012/07-31-2016-NA-RM CEREBRAL-51172
start forward registration
finished registration
 
>>>>>>>>>>>>>>>>>>>>>>>>>>>>>>>>>>>>>>>>>>>>>>>>>>>>>>>>>>>
run  /home/home/lucas/projects/dockerize/infer-LMI/simulator/brain -model RD -PatFileName /home/home/lucas/projects/dockerize/infer-LMI/Atlasfiles/anatomy_dat/ -Dw 0.10437329640596063 -rho 0.10061876086903515 -Tend 100 -dumpfreq 99.99 -icx 0.5727213710546493 -icy 0.606666311621666 -icz 0.35922452919185155 -vtk 1 -N 16 -adaptive 0
<<<<<<<<<<<<<<<<<<<<<<<<<<<<<<<<<<<<<<<<<<<<<<<<<<<<<<<<<<<	
 
129, 129, 129
Predicting 12/40...
/mnt/Drive2/lucas/datasets/RHUH-GBM/Images/DICOM/RHUH-GBM/RHUH-0013/10-21-2013-NA-RM CEREBRAL-80056
start forward registration
finished registration
 
>>>>>>>>>>>>>>>>>>>>>>>>>>>>>>>>>>>>>>>>>>>>>>>>>>>>>>>>>>>
run  /home/home/lucas/projects/dockerize/infer-LMI/simulator/brain -model RD -PatFileName /home/home/lucas/projects/dockerize/infer-LMI/Atlasfiles/anatomy_dat/ -Dw 0.1063951858653343 -rho 0.09481289971837194 -Tend 100 -dumpfreq 99.99 -icx 0.42528490703552957 -icy 0.44712790697813043 -icz 0.29776252955198285 -vtk 1 -N 16 -adaptive 0
<<<<<<<<<<<<<<<<<<<<<<<<<<<<<<<<<<<<<<<<<<<<<<<<<<<<<<<<<<<	
 
129, 129, 129
Predicting 13/40...
/mnt/Drive2/lucas/datasets/RHUH-GBM/Images/DICOM/RHUH-GBM/RHUH-0014/02-24-2013-NA-Craneo DTI-19406
start forward registration
finished registration
 
>>>>>>>>>>>>>>>>>>>>>>>>>>>>>>>>>>>>>>>>>>>>>>>>>>>>>>>>>>>
run  /home/home/lucas/projects/dockerize/infer-LMI/simulator/brain -model RD -PatFileName /home/home/lucas/projects/dockerize/infer-LMI/Atlasfiles/anatomy_dat/ -Dw 0.22289257263272486 -rho 0.08048911463620706 -Tend 100 -dumpfreq 99.99 -icx 0.29855139255523677 -icy 0.39530150890350346 -icz 0.35271604061126705 -vtk 1 -N 16 -adaptive 0
<<<<<<<<<<<<<<<<<<<<<<<<<<<<<<<<<<<<<<<<<<<<<<<<<<<<<<<<<<<	
 
129, 129, 129
Predicting 14/40...
/mnt/Drive2/lucas/datasets/RHUH-GBM/Images/DICOM/RHUH-GBM/RHUH-0015/07-16-2013-NA-RM CRANEO NEURONAVEGADOR DTI-82275
start forward registration
finished registration
 
>>>>>>>>>>>>>>>>>>>>>>>>>>>>>>>>>>>>>>>>>>>>>>>>>>>>>>>>>>>
run  /home/home/lucas/projects/dockerize/infer-LMI/simulator/brain -model RD -PatFileName /home/home/lucas/projects/dockerize/infer-LMI/Atlasfiles/anatomy_dat/ -Dw 0.07046571855676702 -rho 0.1044114105238895 -Tend 100 -dumpfreq 99.99 -icx 0.5178558975458145 -icy 0.6501960158348083 -icz 0.5986627802252769 -vtk 1 -N 16 -adaptive 0
<<<<<<<<<<<<<<<<<<<<<<<<<<<<<<<<<<<<<<<<<<<<<<<<<<<<<<<<<<<	
 
129, 129, 129
Predicting 15/40...
/mnt/Drive2/lucas/datasets/RHUH-GBM/Images/DICOM/RHUH-GBM/RHUH-0016/04-03-2013-NA-RM.CRANEO-87914
start forward registration
finished registration
 
>>>>>>>>>>>>>>>>>>>>>>>>>>>>>>>>>>>>>>>>>>>>>>>>>>>>>>>>>>>
run  /home/home/lucas/projects/dockerize/infer-LMI/simulator/brain -model RD -PatFileName /home/home/lucas/projects/dockerize/infer-LMI/Atlasfiles/anatomy_dat/ -Dw 0.023399260967623122 -rho 0.13994079945815135 -Tend 100 -dumpfreq 99.99 -icx 0.49392941072583196 -icy 0.7149460792541504 -icz 0.5432839892804622 -vtk 1 -N 16 -adaptive 0
<<<<<<<<<<<<<<<<<<<<<<<<<<<<<<<<<<<<<<<<<<<<<<<<<<<<<<<<<<<	
 
129, 129, 129
Predicting 16/40...
/mnt/Drive2/lucas/datasets/RHUH-GBM/Images/DICOM/RHUH-GBM/RHUH-0017/01-21-2017-NA-RM CEREBRO-52920
start forward registration
finished registration
 
>>>>>>>>>>>>>>>>>>>>>>>>>>>>>>>>>>>>>>>>>>>>>>>>>>>>>>>>>>>
run  /home/home/lucas/projects/dockerize/infer-LMI/simulator/brain -model RD -PatFileName /home/home/lucas/projects/dockerize/infer-LMI/Atlasfiles/anatomy_dat/ -Dw 0.09310382903156077 -rho 0.10379256773689485 -Tend 100 -dumpfreq 99.99 -icx 0.333525026589632 -icy 0.26751493811607363 -icz 0.26036332249641414 -vtk 1 -N 16 -adaptive 0
<<<<<<<<<<<<<<<<<<<<<<<<<<<<<<<<<<<<<<<<<<<<<<<<<<<<<<<<<<<	
 
129, 129, 129
Predicting 17/40...
/mnt/Drive2/lucas/datasets/RHUH-GBM/Images/DICOM/RHUH-GBM/RHUH-0018/06-25-2017-NA-RM CEREBRAL-66931
start forward registration
finished registration
 
>>>>>>>>>>>>>>>>>>>>>>>>>>>>>>>>>>>>>>>>>>>>>>>>>>>>>>>>>>>
run  /home/home/lucas/projects/dockerize/infer-LMI/simulator/brain -model RD -PatFileName /home/home/lucas/projects/dockerize/infer-LMI/Atlasfiles/anatomy_dat/ -Dw 0.15750478224935188 -rho 0.08424242640433896 -Tend 100 -dumpfreq 99.99 -icx 0.3567914899438619 -icy 0.572890666127205 -icz 0.31521524861454964 -vtk 1 -N 16 -adaptive 0
<<<<<<<<<<<<<<<<<<<<<<<<<<<<<<<<<<<<<<<<<<<<<<<<<<<<<<<<<<<	
 
129, 129, 129
Predicting 18/40...
/mnt/Drive2/lucas/datasets/RHUH-GBM/Images/DICOM/RHUH-GBM/RHUH-0019/10-20-2014-NA-RM CEREBRAL-71839
start forward registration
finished registration
 
>>>>>>>>>>>>>>>>>>>>>>>>>>>>>>>>>>>>>>>>>>>>>>>>>>>>>>>>>>>
run  /home/home/lucas/projects/dockerize/infer-LMI/simulator/brain -model RD -PatFileName /home/home/lucas/projects/dockerize/infer-LMI/Atlasfiles/anatomy_dat/ -Dw 0.0816090062304099 -rho 0.09457100153718616 -Tend 100 -dumpfreq 99.99 -icx 0.3167683631181717 -icy 0.6964860975742341 -icz 0.4690134972333908 -vtk 1 -N 16 -adaptive 0
<<<<<<<<<<<<<<<<<<<<<<<<<<<<<<<<<<<<<<<<<<<<<<<<<<<<<<<<<<<	
 
129, 129, 129
Predicting 19/40...
/mnt/Drive2/lucas/datasets/RHUH-GBM/Images/DICOM/RHUH-GBM/RHUH-0020/12-07-2016-NA-CEREBRO-55977
start forward registration
finished registration
 
>>>>>>>>>>>>>>>>>>>>>>>>>>>>>>>>>>>>>>>>>>>>>>>>>>>>>>>>>>>
run  /home/home/lucas/projects/dockerize/infer-LMI/simulator/brain -model RD -PatFileName /home/home/lucas/projects/dockerize/infer-LMI/Atlasfiles/anatomy_dat/ -Dw 0.03729840513143703 -rho 0.14163966121421445 -Tend 100 -dumpfreq 99.99 -icx 0.5770259171724319 -icy 0.7173077464103699 -icz 0.3910981137305498 -vtk 1 -N 16 -adaptive 0
<<<<<<<<<<<<<<<<<<<<<<<<<<<<<<<<<<<<<<<<<<<<<<<<<<<<<<<<<<<	
 
129, 129, 129
Predicting 20/40...
/mnt/Drive2/lucas/datasets/RHUH-GBM/Images/DICOM/RHUH-GBM/RHUH-0021/10-20-2013-NA-CEREBRAL-34247
start forward registration
finished registration
 
>>>>>>>>>>>>>>>>>>>>>>>>>>>>>>>>>>>>>>>>>>>>>>>>>>>>>>>>>>>
run  /home/home/lucas/projects/dockerize/infer-LMI/simulator/brain -model RD -PatFileName /home/home/lucas/projects/dockerize/infer-LMI/Atlasfiles/anatomy_dat/ -Dw 0.09597073619906854 -rho 0.09430058929379513 -Tend 100 -dumpfreq 99.99 -icx 0.19986888766288757 -icy 0.48886571116745475 -icz 0.30635845139622686 -vtk 1 -N 16 -adaptive 0
<<<<<<<<<<<<<<<<<<<<<<<<<<<<<<<<<<<<<<<<<<<<<<<<<<<<<<<<<<<	
 
129, 129, 129
Predicting 21/40...
/mnt/Drive2/lucas/datasets/RHUH-GBM/Images/DICOM/RHUH-GBM/RHUH-0022/05-20-2014-NA-CEREBRAL-78643
start forward registration
finished registration
 
>>>>>>>>>>>>>>>>>>>>>>>>>>>>>>>>>>>>>>>>>>>>>>>>>>>>>>>>>>>
run  /home/home/lucas/projects/dockerize/infer-LMI/simulator/brain -model RD -PatFileName /home/home/lucas/projects/dockerize/infer-LMI/Atlasfiles/anatomy_dat/ -Dw 0.06760152464218973 -rho 0.09331313312515711 -Tend 100 -dumpfreq 99.99 -icx 0.31511069685220716 -icy 0.2776773989200592 -icz 0.4359073244966566 -vtk 1 -N 16 -adaptive 0
<<<<<<<<<<<<<<<<<<<<<<<<<<<<<<<<<<<<<<<<<<<<<<<<<<<<<<<<<<<	
 
129, 129, 129
Predicting 22/40...
/mnt/Drive2/lucas/datasets/RHUH-GBM/Images/DICOM/RHUH-GBM/RHUH-0023/10-14-2015-NA-Craneo-75929
start forward registration
finished registration
 
>>>>>>>>>>>>>>>>>>>>>>>>>>>>>>>>>>>>>>>>>>>>>>>>>>>>>>>>>>>
run  /home/home/lucas/projects/dockerize/infer-LMI/simulator/brain -model RD -PatFileName /home/home/lucas/projects/dockerize/infer-LMI/Atlasfiles/anatomy_dat/ -Dw 0.20105442214521319 -rho 0.08368911476283847 -Tend 100 -dumpfreq 99.99 -icx 0.2584387242794037 -icy 0.4164025723934174 -icz 0.2509508281946182 -vtk 1 -N 16 -adaptive 0
<<<<<<<<<<<<<<<<<<<<<<<<<<<<<<<<<<<<<<<<<<<<<<<<<<<<<<<<<<<	
 
129, 129, 129
Predicting 23/40...
/mnt/Drive2/lucas/datasets/RHUH-GBM/Images/DICOM/RHUH-GBM/RHUH-0024/11-10-2013-NA-Craneo-58463
start forward registration
finished registration
 
>>>>>>>>>>>>>>>>>>>>>>>>>>>>>>>>>>>>>>>>>>>>>>>>>>>>>>>>>>>
run  /home/home/lucas/projects/dockerize/infer-LMI/simulator/brain -model RD -PatFileName /home/home/lucas/projects/dockerize/infer-LMI/Atlasfiles/anatomy_dat/ -Dw 0.04024891693704784 -rho 0.10070706349669725 -Tend 100 -dumpfreq 99.99 -icx 0.19231549203395842 -icy 0.36323480606079106 -icz 0.32290192171931265 -vtk 1 -N 16 -adaptive 0
<<<<<<<<<<<<<<<<<<<<<<<<<<<<<<<<<<<<<<<<<<<<<<<<<<<<<<<<<<<	
 
129, 129, 129
Predicting 24/40...
/mnt/Drive2/lucas/datasets/RHUH-GBM/Images/DICOM/RHUH-GBM/RHUH-0025/10-14-2012-NA-RM DE CEREBRO SINCON CONTRASTE-82954
start forward registration
finished registration
 
>>>>>>>>>>>>>>>>>>>>>>>>>>>>>>>>>>>>>>>>>>>>>>>>>>>>>>>>>>>
run  /home/home/lucas/projects/dockerize/infer-LMI/simulator/brain -model RD -PatFileName /home/home/lucas/projects/dockerize/infer-LMI/Atlasfiles/anatomy_dat/ -Dw 0.05833883892685865 -rho 0.08918833417046988 -Tend 100 -dumpfreq 99.99 -icx 0.28528645634651184 -icy 0.48113104179501537 -icz 0.18034505695104597 -vtk 1 -N 16 -adaptive 0
<<<<<<<<<<<<<<<<<<<<<<<<<<<<<<<<<<<<<<<<<<<<<<<<<<<<<<<<<<<	
 
129, 129, 129
Predicting 25/40...
/mnt/Drive2/lucas/datasets/RHUH-GBM/Images/DICOM/RHUH-GBM/RHUH-0026/09-16-2013-NA-RM DE CEREBRO SINCON CONTRASTE-39253
start forward registration
finished registration
 
>>>>>>>>>>>>>>>>>>>>>>>>>>>>>>>>>>>>>>>>>>>>>>>>>>>>>>>>>>>
run  /home/home/lucas/projects/dockerize/infer-LMI/simulator/brain -model RD -PatFileName /home/home/lucas/projects/dockerize/infer-LMI/Atlasfiles/anatomy_dat/ -Dw 0.008710016198237214 -rho 0.09312229660998643 -Tend 100 -dumpfreq 99.99 -icx 0.5124403424561024 -icy 0.45738723576068885 -icz 0.5952022045850753 -vtk 1 -N 16 -adaptive 0
<<<<<<<<<<<<<<<<<<<<<<<<<<<<<<<<<<<<<<<<<<<<<<<<<<<<<<<<<<<	
 
129, 129, 129
Predicting 26/40...
/mnt/Drive2/lucas/datasets/RHUH-GBM/Images/DICOM/RHUH-GBM/RHUH-0027/05-04-2013-NA-RM DE CEREBRO SINCON CONTRASTE-80149
start forward registration
finished registration
 
>>>>>>>>>>>>>>>>>>>>>>>>>>>>>>>>>>>>>>>>>>>>>>>>>>>>>>>>>>>
run  /home/home/lucas/projects/dockerize/infer-LMI/simulator/brain -model RD -PatFileName /home/home/lucas/projects/dockerize/infer-LMI/Atlasfiles/anatomy_dat/ -Dw 0.21640295827460387 -rho 0.09317936926762582 -Tend 100 -dumpfreq 99.99 -icx 0.5906195640563964 -icy 0.3680611282587052 -icz 0.307974287122488 -vtk 1 -N 16 -adaptive 0
<<<<<<<<<<<<<<<<<<<<<<<<<<<<<<<<<<<<<<<<<<<<<<<<<<<<<<<<<<<	
 
129, 129, 129
Predicting 27/40...
/mnt/Drive2/lucas/datasets/RHUH-GBM/Images/DICOM/RHUH-GBM/RHUH-0028/08-06-2013-NA-RM DE CEREBRO SINCON CONTRASTE-79731
start forward registration
finished registration
 
>>>>>>>>>>>>>>>>>>>>>>>>>>>>>>>>>>>>>>>>>>>>>>>>>>>>>>>>>>>
run  /home/home/lucas/projects/dockerize/infer-LMI/simulator/brain -model RD -PatFileName /home/home/lucas/projects/dockerize/infer-LMI/Atlasfiles/anatomy_dat/ -Dw 0.12892662921910183 -rho 0.09825841131466129 -Tend 100 -dumpfreq 99.99 -icx 0.6499007165431976 -icy 0.38797833621501926 -icz 0.25062301903963086 -vtk 1 -N 16 -adaptive 0
<<<<<<<<<<<<<<<<<<<<<<<<<<<<<<<<<<<<<<<<<<<<<<<<<<<<<<<<<<<	
 
129, 129, 129
Predicting 28/40...
/mnt/Drive2/lucas/datasets/RHUH-GBM/Images/DICOM/RHUH-GBM/RHUH-0029/09-25-2013-NA-RM DE CEREBRO SINCON CONTRASTE-24778
start forward registration
finished registration
 
>>>>>>>>>>>>>>>>>>>>>>>>>>>>>>>>>>>>>>>>>>>>>>>>>>>>>>>>>>>
run  /home/home/lucas/projects/dockerize/infer-LMI/simulator/brain -model RD -PatFileName /home/home/lucas/projects/dockerize/infer-LMI/Atlasfiles/anatomy_dat/ -Dw 0.20280866134415856 -rho 0.09081649063351335 -Tend 100 -dumpfreq 99.99 -icx 0.6327532112598419 -icy 0.4961349261924625 -icz 0.3523871414363384 -vtk 1 -N 16 -adaptive 0
<<<<<<<<<<<<<<<<<<<<<<<<<<<<<<<<<<<<<<<<<<<<<<<<<<<<<<<<<<<	
 
129, 129, 129
Predicting 29/40...
/mnt/Drive2/lucas/datasets/RHUH-GBM/Images/DICOM/RHUH-GBM/RHUH-0030/11-25-2013-NA-RM CEREBRALC-02749
start forward registration
finished registration
 
>>>>>>>>>>>>>>>>>>>>>>>>>>>>>>>>>>>>>>>>>>>>>>>>>>>>>>>>>>>
run  /home/home/lucas/projects/dockerize/infer-LMI/simulator/brain -model RD -PatFileName /home/home/lucas/projects/dockerize/infer-LMI/Atlasfiles/anatomy_dat/ -Dw 0.01865491906822031 -rho 0.11636337649640291 -Tend 100 -dumpfreq 99.99 -icx 0.34963482469320295 -icy 0.6859445154666901 -icz 0.3154930971562862 -vtk 1 -N 16 -adaptive 0
<<<<<<<<<<<<<<<<<<<<<<<<<<<<<<<<<<<<<<<<<<<<<<<<<<<<<<<<<<<	
 
129, 129, 129
Predicting 30/40...
/mnt/Drive2/lucas/datasets/RHUH-GBM/Images/DICOM/RHUH-GBM/RHUH-0031/11-24-2013-NA-CEREBRO Y ANGIO RM.-08949
start forward registration
finished registration
 
>>>>>>>>>>>>>>>>>>>>>>>>>>>>>>>>>>>>>>>>>>>>>>>>>>>>>>>>>>>
run  /home/home/lucas/projects/dockerize/infer-LMI/simulator/brain -model RD -PatFileName /home/home/lucas/projects/dockerize/infer-LMI/Atlasfiles/anatomy_dat/ -Dw 0.0303895103167316 -rho 0.1322310073331649 -Tend 100 -dumpfreq 99.99 -icx 0.6588367491960525 -icy 0.30043935775756836 -icz 0.37566679157316685 -vtk 1 -N 16 -adaptive 0
<<<<<<<<<<<<<<<<<<<<<<<<<<<<<<<<<<<<<<<<<<<<<<<<<<<<<<<<<<<	
 
129, 129, 129
Predicting 31/40...
/mnt/Drive2/lucas/datasets/RHUH-GBM/Images/DICOM/RHUH-GBM/RHUH-0032/12-14-2013-NA-RM CEREBRAL-13376
start forward registration
finished registration
 
>>>>>>>>>>>>>>>>>>>>>>>>>>>>>>>>>>>>>>>>>>>>>>>>>>>>>>>>>>>
run  /home/home/lucas/projects/dockerize/infer-LMI/simulator/brain -model RD -PatFileName /home/home/lucas/projects/dockerize/infer-LMI/Atlasfiles/anatomy_dat/ -Dw 0.08929936240622498 -rho 0.10750164328192105 -Tend 100 -dumpfreq 99.99 -icx 0.5477629549801349 -icy 0.4042912900447846 -icz 0.34587908312678334 -vtk 1 -N 16 -adaptive 0
<<<<<<<<<<<<<<<<<<<<<<<<<<<<<<<<<<<<<<<<<<<<<<<<<<<<<<<<<<<	
 
129, 129, 129
Predicting 32/40...
/mnt/Drive2/lucas/datasets/RHUH-GBM/Images/DICOM/RHUH-GBM/RHUH-0033/05-07-2014-NA-RM DE CEREBRO SINCON CONTRASTE-65733
start forward registration
finished registration
 
>>>>>>>>>>>>>>>>>>>>>>>>>>>>>>>>>>>>>>>>>>>>>>>>>>>>>>>>>>>
run  /home/home/lucas/projects/dockerize/infer-LMI/simulator/brain -model RD -PatFileName /home/home/lucas/projects/dockerize/infer-LMI/Atlasfiles/anatomy_dat/ -Dw 0.12836329719987438 -rho 0.09879249725365563 -Tend 100 -dumpfreq 99.99 -icx 0.5812468022108077 -icy 0.288320529460907 -icz 0.2939332894980907 -vtk 1 -N 16 -adaptive 0
<<<<<<<<<<<<<<<<<<<<<<<<<<<<<<<<<<<<<<<<<<<<<<<<<<<<<<<<<<<	
 
129, 129, 129
Predicting 33/40...
/mnt/Drive2/lucas/datasets/RHUH-GBM/Images/DICOM/RHUH-GBM/RHUH-0034/07-20-2014-NA-RM DE CRANEO SINCON CONTRASTE-27430
start forward registration
finished registration
 
>>>>>>>>>>>>>>>>>>>>>>>>>>>>>>>>>>>>>>>>>>>>>>>>>>>>>>>>>>>
run  /home/home/lucas/projects/dockerize/infer-LMI/simulator/brain -model RD -PatFileName /home/home/lucas/projects/dockerize/infer-LMI/Atlasfiles/anatomy_dat/ -Dw 0.022629223144477177 -rho 0.09723553749937182 -Tend 100 -dumpfreq 99.99 -icx 0.2511013001203537 -icy 0.6482851564884187 -icz 0.46845878772437566 -vtk 1 -N 16 -adaptive 0
<<<<<<<<<<<<<<<<<<<<<<<<<<<<<<<<<<<<<<<<<<<<<<<<<<<<<<<<<<<	
 
129, 129, 129
Predicting 34/40...
/mnt/Drive2/lucas/datasets/RHUH-GBM/Images/DICOM/RHUH-GBM/RHUH-0035/03-02-2015-NA-Craneo-91865
start forward registration
finished registration
 
>>>>>>>>>>>>>>>>>>>>>>>>>>>>>>>>>>>>>>>>>>>>>>>>>>>>>>>>>>>
run  /home/home/lucas/projects/dockerize/infer-LMI/simulator/brain -model RD -PatFileName /home/home/lucas/projects/dockerize/infer-LMI/Atlasfiles/anatomy_dat/ -Dw 0.03310168592510963 -rho 0.08938488557764135 -Tend 100 -dumpfreq 99.99 -icx 0.5630972325801848 -icy 0.270244300365448 -icz 0.3954788977280259 -vtk 1 -N 16 -adaptive 0
<<<<<<<<<<<<<<<<<<<<<<<<<<<<<<<<<<<<<<<<<<<<<<<<<<<<<<<<<<<	
 
129, 129, 129
Predicting 35/40...
/mnt/Drive2/lucas/datasets/RHUH-GBM/Images/DICOM/RHUH-GBM/RHUH-0036/05-13-2015-NA-RM DE CEREBRO SINCON CONTRASTE-70164
start forward registration
finished registration
 
>>>>>>>>>>>>>>>>>>>>>>>>>>>>>>>>>>>>>>>>>>>>>>>>>>>>>>>>>>>
run  /home/home/lucas/projects/dockerize/infer-LMI/simulator/brain -model RD -PatFileName /home/home/lucas/projects/dockerize/infer-LMI/Atlasfiles/anatomy_dat/ -Dw 0.09087711502743442 -rho 0.11100791915963634 -Tend 100 -dumpfreq 99.99 -icx 0.5261273376643657 -icy 0.7205951690673829 -icz 0.34489668831229203 -vtk 1 -N 16 -adaptive 0
<<<<<<<<<<<<<<<<<<<<<<<<<<<<<<<<<<<<<<<<<<<<<<<<<<<<<<<<<<<	
 
129, 129, 129
Predicting 36/40...
/mnt/Drive2/lucas/datasets/RHUH-GBM/Images/DICOM/RHUH-GBM/RHUH-0037/08-26-2015-NA-RM CEREBRAL-99779
start forward registration
finished registration
 
>>>>>>>>>>>>>>>>>>>>>>>>>>>>>>>>>>>>>>>>>>>>>>>>>>>>>>>>>>>
run  /home/home/lucas/projects/dockerize/infer-LMI/simulator/brain -model RD -PatFileName /home/home/lucas/projects/dockerize/infer-LMI/Atlasfiles/anatomy_dat/ -Dw 0.044449782108054905 -rho 0.10054251606885645 -Tend 100 -dumpfreq 99.99 -icx 0.25815764665603635 -icy 0.34933052062988285 -icz 0.30017707943916316 -vtk 1 -N 16 -adaptive 0
<<<<<<<<<<<<<<<<<<<<<<<<<<<<<<<<<<<<<<<<<<<<<<<<<<<<<<<<<<<	
 
129, 129, 129
Predicting 37/40...
/mnt/Drive2/lucas/datasets/RHUH-GBM/Images/DICOM/RHUH-GBM/RHUH-0038/03-21-2016-NA-RM CRANEO-44688
start forward registration
finished registration
 
>>>>>>>>>>>>>>>>>>>>>>>>>>>>>>>>>>>>>>>>>>>>>>>>>>>>>>>>>>>
run  /home/home/lucas/projects/dockerize/infer-LMI/simulator/brain -model RD -PatFileName /home/home/lucas/projects/dockerize/infer-LMI/Atlasfiles/anatomy_dat/ -Dw 0.12924582904811438 -rho 0.08010268677216019 -Tend 100 -dumpfreq 99.99 -icx 0.5888379305601119 -icy 0.46410103067755704 -icz 0.29210407212376593 -vtk 1 -N 16 -adaptive 0
<<<<<<<<<<<<<<<<<<<<<<<<<<<<<<<<<<<<<<<<<<<<<<<<<<<<<<<<<<<	
 
129, 129, 129
Predicting 38/40...
/mnt/Drive2/lucas/datasets/RHUH-GBM/Images/DICOM/RHUH-GBM/RHUH-0039/06-19-2017-NA-RM CEREBRAL-79526
start forward registration
finished registration
 
>>>>>>>>>>>>>>>>>>>>>>>>>>>>>>>>>>>>>>>>>>>>>>>>>>>>>>>>>>>
run  /home/home/lucas/projects/dockerize/infer-LMI/simulator/brain -model RD -PatFileName /home/home/lucas/projects/dockerize/infer-LMI/Atlasfiles/anatomy_dat/ -Dw 0.09099570976679404 -rho 0.14203786308611024 -Tend 100 -dumpfreq 99.99 -icx 0.6379734396934509 -icy 0.6631484389305116 -icz 0.29538554847240445 -vtk 1 -N 16 -adaptive 0
<<<<<<<<<<<<<<<<<<<<<<<<<<<<<<<<<<<<<<<<<<<<<<<<<<<<<<<<<<<	
 
129, 129, 129
Predicting 39/40...
/mnt/Drive2/lucas/datasets/RHUH-GBM/Images/DICOM/RHUH-GBM/RHUH-0040/09-11-2017-NA-RM CEREBRAL-44201
start forward registration
finished registration
 
>>>>>>>>>>>>>>>>>>>>>>>>>>>>>>>>>>>>>>>>>>>>>>>>>>>>>>>>>>>
run  /home/home/lucas/projects/dockerize/infer-LMI/simulator/brain -model RD -PatFileName /home/home/lucas/projects/dockerize/infer-LMI/Atlasfiles/anatomy_dat/ -Dw 0.042430775139482874 -rho 0.09132841885063188 -Tend 100 -dumpfreq 99.99 -icx 0.300652664154768 -icy 0.35160717964172367 -icz 0.4579032026231289 -vtk 1 -N 16 -adaptive 0
<<<<<<<<<<<<<<<<<<<<<<<<<<<<<<<<<<<<<<<<<<<<<<<<<<<<<<<<<<<	
 
129, 129, 129
Done.
