nohup: ignoring input
2025-06-16 09:09:21.772 | INFO     | parsing:set_root_dir:236 - New root_dir set successfully.
2025-06-16 09:09:21.773 | INFO     | parsing:load:213 - Successfully loaded 29 patients from /home/home/lucas/projects/gbm_bench/gbm_bench/data/datasets/ivygap.json.
Predicting 0/29...
/mnt/Drive2/lucas/datasets/IVYGAP/W1/10-25-1996-NA-MR BRAIN WITHOUT AND WITH CONTRAST D-1-34997
start forward registration
finished registration
 
>>>>>>>>>>>>>>>>>>>>>>>>>>>>>>>>>>>>>>>>>>>>>>>>>>>>>>>>>>>
run  /home/home/lucas/projects/dockerize/infer-LMI/simulator/brain -model RD -PatFileName /home/home/lucas/projects/dockerize/infer-LMI/Atlasfiles/anatomy_dat/ -Dw 0.13113797308133668 -rho 0.09033033853864543 -Tend 100 -dumpfreq 99.99 -icx 0.41358712241053575 -icy 0.5293611653149128 -icz 0.3444371670484543 -vtk 1 -N 16 -adaptive 0
<<<<<<<<<<<<<<<<<<<<<<<<<<<<<<<<<<<<<<<<<<<<<<<<<<<<<<<<<<<	
 
129, 129, 129
Predicting 1/29...
/mnt/Drive2/lucas/datasets/IVYGAP/W10/04-29-1997-NA-MR BRAIN WITHOUT AND WITH CONTRAST D-2-76149
start forward registration
finished registration
 
>>>>>>>>>>>>>>>>>>>>>>>>>>>>>>>>>>>>>>>>>>>>>>>>>>>>>>>>>>>
run  /home/home/lucas/projects/dockerize/infer-LMI/simulator/brain -model RD -PatFileName /home/home/lucas/projects/dockerize/infer-LMI/Atlasfiles/anatomy_dat/ -Dw 0.013144426046946402 -rho 0.13511210206012808 -Tend 100 -dumpfreq 99.99 -icx 0.3360553972423076 -icy 0.28838908672332764 -icz 0.49969435408711427 -vtk 1 -N 16 -adaptive 0
<<<<<<<<<<<<<<<<<<<<<<<<<<<<<<<<<<<<<<<<<<<<<<<<<<<<<<<<<<<	
 
129, 129, 129
Predicting 2/29...
/mnt/Drive2/lucas/datasets/IVYGAP/W11/05-11-1997-NA-MR BRAIN WITHOUT AND WITH CONTRAST D-3-44066
start forward registration
finished registration
 
>>>>>>>>>>>>>>>>>>>>>>>>>>>>>>>>>>>>>>>>>>>>>>>>>>>>>>>>>>>
run  /home/home/lucas/projects/dockerize/infer-LMI/simulator/brain -model RD -PatFileName /home/home/lucas/projects/dockerize/infer-LMI/Atlasfiles/anatomy_dat/ -Dw 0.025974072708684695 -rho 0.10058201703945598 -Tend 100 -dumpfreq 99.99 -icx 0.5282791025936603 -icy 0.34271279573440555 -icz 0.5164475999772549 -vtk 1 -N 16 -adaptive 0
<<<<<<<<<<<<<<<<<<<<<<<<<<<<<<<<<<<<<<<<<<<<<<<<<<<<<<<<<<<	
 
129, 129, 129
Predicting 3/29...
/mnt/Drive2/lucas/datasets/IVYGAP/W13/08-22-1997-NA-MR BRAIN WITHOUT AND WITH CONTRAST D-6-23065
start forward registration
finished registration
 
>>>>>>>>>>>>>>>>>>>>>>>>>>>>>>>>>>>>>>>>>>>>>>>>>>>>>>>>>>>
run  /home/home/lucas/projects/dockerize/infer-LMI/simulator/brain -model RD -PatFileName /home/home/lucas/projects/dockerize/infer-LMI/Atlasfiles/anatomy_dat/ -Dw 0.05041730700661986 -rho 0.1252392995906147 -Tend 100 -dumpfreq 99.99 -icx 0.46196317039430135 -icy 0.3539867460727692 -icz 0.43268491821363564 -vtk 1 -N 16 -adaptive 0
<<<<<<<<<<<<<<<<<<<<<<<<<<<<<<<<<<<<<<<<<<<<<<<<<<<<<<<<<<<	
 
129, 129, 129
Predicting 4/29...
/mnt/Drive2/lucas/datasets/IVYGAP/W18/11-10-1997-NA-MR BRAIN WITHOUT AND WITH CONTRAST D-2-54679
start forward registration
finished registration
 
>>>>>>>>>>>>>>>>>>>>>>>>>>>>>>>>>>>>>>>>>>>>>>>>>>>>>>>>>>>
run  /home/home/lucas/projects/dockerize/infer-LMI/simulator/brain -model RD -PatFileName /home/home/lucas/projects/dockerize/infer-LMI/Atlasfiles/anatomy_dat/ -Dw 0.0666723060501925 -rho 0.10711557822658692 -Tend 100 -dumpfreq 99.99 -icx 0.45208443030714984 -icy 0.48140379227697855 -icz 0.35286572575569153 -vtk 1 -N 16 -adaptive 0
<<<<<<<<<<<<<<<<<<<<<<<<<<<<<<<<<<<<<<<<<<<<<<<<<<<<<<<<<<<	
 
129, 129, 129
Predicting 5/29...
/mnt/Drive2/lucas/datasets/IVYGAP/W19/11-14-1997-NA-OUTSIDE MR - HEAD D-5-84418
start forward registration
finished registration
 
>>>>>>>>>>>>>>>>>>>>>>>>>>>>>>>>>>>>>>>>>>>>>>>>>>>>>>>>>>>
run  /home/home/lucas/projects/dockerize/infer-LMI/simulator/brain -model RD -PatFileName /home/home/lucas/projects/dockerize/infer-LMI/Atlasfiles/anatomy_dat/ -Dw 0.017742367067003204 -rho 0.10615094424842908 -Tend 100 -dumpfreq 99.99 -icx 0.16837180256843565 -icy 0.5098772604018451 -icz 0.2872341498732567 -vtk 1 -N 16 -adaptive 0
<<<<<<<<<<<<<<<<<<<<<<<<<<<<<<<<<<<<<<<<<<<<<<<<<<<<<<<<<<<	
 
129, 129, 129
Predicting 6/29...
/mnt/Drive2/lucas/datasets/IVYGAP/W2/11-01-1996-NA-MR BRAIN WITHOUT AND WITH CONTRAST D-3-39577
start forward registration
finished registration
 
>>>>>>>>>>>>>>>>>>>>>>>>>>>>>>>>>>>>>>>>>>>>>>>>>>>>>>>>>>>
run  /home/home/lucas/projects/dockerize/infer-LMI/simulator/brain -model RD -PatFileName /home/home/lucas/projects/dockerize/infer-LMI/Atlasfiles/anatomy_dat/ -Dw 0.07612371596233296 -rho 0.13818873244085014 -Tend 100 -dumpfreq 99.99 -icx 0.4659291710704565 -icy 0.7740139365196228 -icz 0.5590354494750499 -vtk 1 -N 16 -adaptive 0
<<<<<<<<<<<<<<<<<<<<<<<<<<<<<<<<<<<<<<<<<<<<<<<<<<<<<<<<<<<	
 
129, 129, 129
Predicting 7/29...
/mnt/Drive2/lucas/datasets/IVYGAP/W20/05-16-1997-NA-OUTSIDE MR - HEAD D-196-76798
start forward registration
finished registration
 
>>>>>>>>>>>>>>>>>>>>>>>>>>>>>>>>>>>>>>>>>>>>>>>>>>>>>>>>>>>
run  /home/home/lucas/projects/dockerize/infer-LMI/simulator/brain -model RD -PatFileName /home/home/lucas/projects/dockerize/infer-LMI/Atlasfiles/anatomy_dat/ -Dw 0.05916685842743899 -rho 0.12215847268574181 -Tend 100 -dumpfreq 99.99 -icx 0.4902826629579067 -icy 0.4065374791622162 -icz 0.2679997727274894 -vtk 1 -N 16 -adaptive 0
<<<<<<<<<<<<<<<<<<<<<<<<<<<<<<<<<<<<<<<<<<<<<<<<<<<<<<<<<<<	
 
129, 129, 129
Predicting 8/29...
/mnt/Drive2/lucas/datasets/IVYGAP/W22/01-02-1998-NA-MR BRAIN WITHOUT AND WITH CONTRAST D-6-46576
start forward registration
finished registration
 
>>>>>>>>>>>>>>>>>>>>>>>>>>>>>>>>>>>>>>>>>>>>>>>>>>>>>>>>>>>
run  /home/home/lucas/projects/dockerize/infer-LMI/simulator/brain -model RD -PatFileName /home/home/lucas/projects/dockerize/infer-LMI/Atlasfiles/anatomy_dat/ -Dw 0.04432937214316764 -rho 0.09973824884893343 -Tend 100 -dumpfreq 99.99 -icx 0.17445486783981323 -icy 0.43728075325489046 -icz 0.31362947449088097 -vtk 1 -N 16 -adaptive 0
<<<<<<<<<<<<<<<<<<<<<<<<<<<<<<<<<<<<<<<<<<<<<<<<<<<<<<<<<<<	
 
129, 129, 129
Predicting 9/29...
/mnt/Drive2/lucas/datasets/IVYGAP/W26/07-12-2000-NA-OUTSIDE MR - HEAD D829-67531
start forward registration
finished registration
 
>>>>>>>>>>>>>>>>>>>>>>>>>>>>>>>>>>>>>>>>>>>>>>>>>>>>>>>>>>>
run  /home/home/lucas/projects/dockerize/infer-LMI/simulator/brain -model RD -PatFileName /home/home/lucas/projects/dockerize/infer-LMI/Atlasfiles/anatomy_dat/ -Dw 0.10332003797188576 -rho 0.08683180745314831 -Tend 100 -dumpfreq 99.99 -icx 0.5576872505247592 -icy 0.3792627304792404 -icz 0.40550553221255536 -vtk 1 -N 16 -adaptive 0
<<<<<<<<<<<<<<<<<<<<<<<<<<<<<<<<<<<<<<<<<<<<<<<<<<<<<<<<<<<	
 
129, 129, 129
Predicting 10/29...
/mnt/Drive2/lucas/datasets/IVYGAP/W29/05-21-1998-NA-MR BRAIN WITHOUT AND WITH CONTRAST D-2-76254
start forward registration
finished registration
 
>>>>>>>>>>>>>>>>>>>>>>>>>>>>>>>>>>>>>>>>>>>>>>>>>>>>>>>>>>>
run  /home/home/lucas/projects/dockerize/infer-LMI/simulator/brain -model RD -PatFileName /home/home/lucas/projects/dockerize/infer-LMI/Atlasfiles/anatomy_dat/ -Dw 0.0785418248355189 -rho 0.1022605735546927 -Tend 100 -dumpfreq 99.99 -icx 0.3268891245126724 -icy 0.40074247717857364 -icz 0.41663553118705743 -vtk 1 -N 16 -adaptive 0
<<<<<<<<<<<<<<<<<<<<<<<<<<<<<<<<<<<<<<<<<<<<<<<<<<<<<<<<<<<	
 
129, 129, 129
Predicting 11/29...
/mnt/Drive2/lucas/datasets/IVYGAP/W3/11-15-1996-NA-MR BRAIN WITHOUT AND WITH CONTRAST D1-96164
start forward registration
finished registration
 
>>>>>>>>>>>>>>>>>>>>>>>>>>>>>>>>>>>>>>>>>>>>>>>>>>>>>>>>>>>
run  /home/home/lucas/projects/dockerize/infer-LMI/simulator/brain -model RD -PatFileName /home/home/lucas/projects/dockerize/infer-LMI/Atlasfiles/anatomy_dat/ -Dw 0.02960520285593745 -rho 0.09737901224939058 -Tend 100 -dumpfreq 99.99 -icx 0.6714352488517761 -icy 0.4511987447738648 -icz 0.44989433437585824 -vtk 1 -N 16 -adaptive 0
<<<<<<<<<<<<<<<<<<<<<<<<<<<<<<<<<<<<<<<<<<<<<<<<<<<<<<<<<<<	
 
129, 129, 129
Predicting 12/29...
/mnt/Drive2/lucas/datasets/IVYGAP/W31/06-29-1998-NA-MR BRAIN WITHOUT AND WITH CONTRAST D-1-84395
start forward registration
finished registration
 
>>>>>>>>>>>>>>>>>>>>>>>>>>>>>>>>>>>>>>>>>>>>>>>>>>>>>>>>>>>
run  /home/home/lucas/projects/dockerize/infer-LMI/simulator/brain -model RD -PatFileName /home/home/lucas/projects/dockerize/infer-LMI/Atlasfiles/anatomy_dat/ -Dw 0.013436040774737692 -rho 0.10985176446495086 -Tend 100 -dumpfreq 99.99 -icx 0.31603184565901754 -icy 0.6915395855903627 -icz 0.46184764467179773 -vtk 1 -N 16 -adaptive 0
<<<<<<<<<<<<<<<<<<<<<<<<<<<<<<<<<<<<<<<<<<<<<<<<<<<<<<<<<<<	
 
129, 129, 129
Predicting 13/29...
/mnt/Drive2/lucas/datasets/IVYGAP/W32/07-01-1998-NA-MR BRAIN WITHOUT AND WITH CONTRAST D-1-78358
start forward registration
finished registration
 
>>>>>>>>>>>>>>>>>>>>>>>>>>>>>>>>>>>>>>>>>>>>>>>>>>>>>>>>>>>
run  /home/home/lucas/projects/dockerize/infer-LMI/simulator/brain -model RD -PatFileName /home/home/lucas/projects/dockerize/infer-LMI/Atlasfiles/anatomy_dat/ -Dw 0.09392062196155473 -rho 0.1420646029321892 -Tend 100 -dumpfreq 99.99 -icx 0.5855066001415252 -icy 0.5355642743408681 -icz 0.31314062923192976 -vtk 1 -N 16 -adaptive 0
<<<<<<<<<<<<<<<<<<<<<<<<<<<<<<<<<<<<<<<<<<<<<<<<<<<<<<<<<<<	
 
129, 129, 129
Predicting 14/29...
/mnt/Drive2/lucas/datasets/IVYGAP/W33/07-04-1998-NA-MR BRAIN WITHOUT AND WITH CONTRAST D-3-76501
start forward registration
finished registration
 
>>>>>>>>>>>>>>>>>>>>>>>>>>>>>>>>>>>>>>>>>>>>>>>>>>>>>>>>>>>
run  /home/home/lucas/projects/dockerize/infer-LMI/simulator/brain -model RD -PatFileName /home/home/lucas/projects/dockerize/infer-LMI/Atlasfiles/anatomy_dat/ -Dw 0.0235471713487414 -rho 0.10077944520998078 -Tend 100 -dumpfreq 99.99 -icx 0.5203244976699352 -icy 0.35836107134819034 -icz 0.4532176125794649 -vtk 1 -N 16 -adaptive 0
<<<<<<<<<<<<<<<<<<<<<<<<<<<<<<<<<<<<<<<<<<<<<<<<<<<<<<<<<<<	
 
129, 129, 129
Predicting 15/29...
/mnt/Drive2/lucas/datasets/IVYGAP/W35/07-11-1998-NA-OUTSIDE MR - HEAD D-5-31069
start forward registration
finished registration
 
>>>>>>>>>>>>>>>>>>>>>>>>>>>>>>>>>>>>>>>>>>>>>>>>>>>>>>>>>>>
run  /home/home/lucas/projects/dockerize/infer-LMI/simulator/brain -model RD -PatFileName /home/home/lucas/projects/dockerize/infer-LMI/Atlasfiles/anatomy_dat/ -Dw 0.026408529279154894 -rho 0.10684102828913343 -Tend 100 -dumpfreq 99.99 -icx 0.6150142103433608 -icy 0.2887495756149292 -icz 0.5457214131951331 -vtk 1 -N 16 -adaptive 0
<<<<<<<<<<<<<<<<<<<<<<<<<<<<<<<<<<<<<<<<<<<<<<<<<<<<<<<<<<<	
 
129, 129, 129
Predicting 16/29...
/mnt/Drive2/lucas/datasets/IVYGAP/W36/07-14-1998-NA-MR BRAIN WITHOUT AND WITH CONTRAST D-3-88969
start forward registration
finished registration
 
>>>>>>>>>>>>>>>>>>>>>>>>>>>>>>>>>>>>>>>>>>>>>>>>>>>>>>>>>>>
run  /home/home/lucas/projects/dockerize/infer-LMI/simulator/brain -model RD -PatFileName /home/home/lucas/projects/dockerize/infer-LMI/Atlasfiles/anatomy_dat/ -Dw 0.03902795395877706 -rho 0.09681621769757634 -Tend 100 -dumpfreq 99.99 -icx 0.24945086240768433 -icy 0.31476938128471377 -icz 0.29804361537098883 -vtk 1 -N 16 -adaptive 0
<<<<<<<<<<<<<<<<<<<<<<<<<<<<<<<<<<<<<<<<<<<<<<<<<<<<<<<<<<<	
 
129, 129, 129
Predicting 17/29...
/mnt/Drive2/lucas/datasets/IVYGAP/W38/09-10-1998-NA-MR BRAIN WITHOUT AND WITH CONTRAST D-5-37851
start forward registration
finished registration
 
>>>>>>>>>>>>>>>>>>>>>>>>>>>>>>>>>>>>>>>>>>>>>>>>>>>>>>>>>>>
run  /home/home/lucas/projects/dockerize/infer-LMI/simulator/brain -model RD -PatFileName /home/home/lucas/projects/dockerize/infer-LMI/Atlasfiles/anatomy_dat/ -Dw 0.17089716308712116 -rho 0.07292836096628293 -Tend 100 -dumpfreq 99.99 -icx 0.5995177656412124 -icy 0.44192570894956595 -icz 0.27322098463773725 -vtk 1 -N 16 -adaptive 0
<<<<<<<<<<<<<<<<<<<<<<<<<<<<<<<<<<<<<<<<<<<<<<<<<<<<<<<<<<<	
 
129, 129, 129
Predicting 18/29...
/mnt/Drive2/lucas/datasets/IVYGAP/W39/09-19-1998-NA-MR BRAIN WITHOUT AND WITH CONTRAST D-8-90309
start forward registration
finished registration
 
>>>>>>>>>>>>>>>>>>>>>>>>>>>>>>>>>>>>>>>>>>>>>>>>>>>>>>>>>>>
run  /home/home/lucas/projects/dockerize/infer-LMI/simulator/brain -model RD -PatFileName /home/home/lucas/projects/dockerize/infer-LMI/Atlasfiles/anatomy_dat/ -Dw 0.0307477594235031 -rho 0.18074889262832453 -Tend 100 -dumpfreq 99.99 -icx 0.5341374188661575 -icy 0.6289929926395417 -icz 0.5846954613924026 -vtk 1 -N 16 -adaptive 0
<<<<<<<<<<<<<<<<<<<<<<<<<<<<<<<<<<<<<<<<<<<<<<<<<<<<<<<<<<<	
 
129, 129, 129
Predicting 19/29...
/mnt/Drive2/lucas/datasets/IVYGAP/W4/12-01-1996-NA-MR BRAIN WITHOUT AND WITH CONTRAST D-4-73955
start forward registration
finished registration
 
>>>>>>>>>>>>>>>>>>>>>>>>>>>>>>>>>>>>>>>>>>>>>>>>>>>>>>>>>>>
run  /home/home/lucas/projects/dockerize/infer-LMI/simulator/brain -model RD -PatFileName /home/home/lucas/projects/dockerize/infer-LMI/Atlasfiles/anatomy_dat/ -Dw 0.023984441398145765 -rho 0.1125793333167687 -Tend 100 -dumpfreq 99.99 -icx 0.5759789735078811 -icy 0.6172542065382005 -icz 0.43404807420447467 -vtk 1 -N 16 -adaptive 0
<<<<<<<<<<<<<<<<<<<<<<<<<<<<<<<<<<<<<<<<<<<<<<<<<<<<<<<<<<<	
 
129, 129, 129
Predicting 20/29...
/mnt/Drive2/lucas/datasets/IVYGAP/W43/04-09-1999-NA-MR BRAIN WITHOUT AND WITH CONTRAST D-1-24457
start forward registration
finished registration
 
>>>>>>>>>>>>>>>>>>>>>>>>>>>>>>>>>>>>>>>>>>>>>>>>>>>>>>>>>>>
run  /home/home/lucas/projects/dockerize/infer-LMI/simulator/brain -model RD -PatFileName /home/home/lucas/projects/dockerize/infer-LMI/Atlasfiles/anatomy_dat/ -Dw 0.06414852261878623 -rho 0.1292937734296963 -Tend 100 -dumpfreq 99.99 -icx 0.676354369521141 -icy 0.43656876981258397 -icz 0.34413953423500054 -vtk 1 -N 16 -adaptive 0
<<<<<<<<<<<<<<<<<<<<<<<<<<<<<<<<<<<<<<<<<<<<<<<<<<<<<<<<<<<	
 
129, 129, 129
Predicting 21/29...
/mnt/Drive2/lucas/datasets/IVYGAP/W48/10-21-1999-NA-MR BRAIN WITHOUT AND WITH CONTRAST D-1-79097
start forward registration
finished registration
 
>>>>>>>>>>>>>>>>>>>>>>>>>>>>>>>>>>>>>>>>>>>>>>>>>>>>>>>>>>>
run  /home/home/lucas/projects/dockerize/infer-LMI/simulator/brain -model RD -PatFileName /home/home/lucas/projects/dockerize/infer-LMI/Atlasfiles/anatomy_dat/ -Dw 0.04962024723535679 -rho 0.1003711351491429 -Tend 100 -dumpfreq 99.99 -icx 0.6518859624862671 -icy 0.29999493360519414 -icz 0.33301662653684616 -vtk 1 -N 16 -adaptive 0
<<<<<<<<<<<<<<<<<<<<<<<<<<<<<<<<<<<<<<<<<<<<<<<<<<<<<<<<<<<	
 
129, 129, 129
Predicting 22/29...
/mnt/Drive2/lucas/datasets/IVYGAP/W5/12-11-1996-NA-MR BRAIN WITHOUT AND WITH CONTRAST D1-85967
start forward registration
finished registration
 
>>>>>>>>>>>>>>>>>>>>>>>>>>>>>>>>>>>>>>>>>>>>>>>>>>>>>>>>>>>
run  /home/home/lucas/projects/dockerize/infer-LMI/simulator/brain -model RD -PatFileName /home/home/lucas/projects/dockerize/infer-LMI/Atlasfiles/anatomy_dat/ -Dw 0.03667675949115714 -rho 0.12357082092323245 -Tend 100 -dumpfreq 99.99 -icx 0.6371836751699447 -icy 0.5065962431952358 -icz 0.4431509464979171 -vtk 1 -N 16 -adaptive 0
<<<<<<<<<<<<<<<<<<<<<<<<<<<<<<<<<<<<<<<<<<<<<<<<<<<<<<<<<<<	
 
129, 129, 129
Predicting 23/29...
/mnt/Drive2/lucas/datasets/IVYGAP/W50/12-15-1999-NA-MR BRAIN WITHOUT AND WITH CONTRAST D-6-85440
start forward registration
finished registration
 
>>>>>>>>>>>>>>>>>>>>>>>>>>>>>>>>>>>>>>>>>>>>>>>>>>>>>>>>>>>
run  /home/home/lucas/projects/dockerize/infer-LMI/simulator/brain -model RD -PatFileName /home/home/lucas/projects/dockerize/infer-LMI/Atlasfiles/anatomy_dat/ -Dw 0.028628316134521034 -rho 0.05608587235752679 -Tend 100 -dumpfreq 99.99 -icx 0.17722043693065642 -icy 0.3450952231884003 -icz 0.36254770085215565 -vtk 1 -N 16 -adaptive 0
<<<<<<<<<<<<<<<<<<<<<<<<<<<<<<<<<<<<<<<<<<<<<<<<<<<<<<<<<<<	
 
129, 129, 129
Predicting 24/29...
/mnt/Drive2/lucas/datasets/IVYGAP/W53/06-01-2000-NA-OUTSIDE MR - HEAD D-9-33143
start forward registration
finished registration
 
>>>>>>>>>>>>>>>>>>>>>>>>>>>>>>>>>>>>>>>>>>>>>>>>>>>>>>>>>>>
run  /home/home/lucas/projects/dockerize/infer-LMI/simulator/brain -model RD -PatFileName /home/home/lucas/projects/dockerize/infer-LMI/Atlasfiles/anatomy_dat/ -Dw 0.12002771037427752 -rho 0.09537147725748994 -Tend 100 -dumpfreq 99.99 -icx 0.30499104186892506 -icy 0.5342927731573582 -icz 0.2164302736520767 -vtk 1 -N 16 -adaptive 0
<<<<<<<<<<<<<<<<<<<<<<<<<<<<<<<<<<<<<<<<<<<<<<<<<<<<<<<<<<<	
 
129, 129, 129
Predicting 25/29...
/mnt/Drive2/lucas/datasets/IVYGAP/W6/11-28-1996-NA-OUTSIDE MR - HEAD D-14-75479
start forward registration
finished registration
 
>>>>>>>>>>>>>>>>>>>>>>>>>>>>>>>>>>>>>>>>>>>>>>>>>>>>>>>>>>>
run  /home/home/lucas/projects/dockerize/infer-LMI/simulator/brain -model RD -PatFileName /home/home/lucas/projects/dockerize/infer-LMI/Atlasfiles/anatomy_dat/ -Dw 0.030396670746270192 -rho 0.10459571097081938 -Tend 100 -dumpfreq 99.99 -icx 0.3062835596501827 -icy 0.2647784948348999 -icz 0.3942370761185884 -vtk 1 -N 16 -adaptive 0
<<<<<<<<<<<<<<<<<<<<<<<<<<<<<<<<<<<<<<<<<<<<<<<<<<<<<<<<<<<	
 
129, 129, 129
Predicting 26/29...
/mnt/Drive2/lucas/datasets/IVYGAP/W7/12-18-1996-NA-MR BRAIN WITHOUT AND WITH CONTRAST D-1-56255
start forward registration
finished registration
 
>>>>>>>>>>>>>>>>>>>>>>>>>>>>>>>>>>>>>>>>>>>>>>>>>>>>>>>>>>>
run  /home/home/lucas/projects/dockerize/infer-LMI/simulator/brain -model RD -PatFileName /home/home/lucas/projects/dockerize/infer-LMI/Atlasfiles/anatomy_dat/ -Dw 0.19961083896734 -rho 0.0821411168316036 -Tend 100 -dumpfreq 99.99 -icx 0.43907663635909555 -icy 0.40104007720947266 -icz 0.25228704512119293 -vtk 1 -N 16 -adaptive 0
<<<<<<<<<<<<<<<<<<<<<<<<<<<<<<<<<<<<<<<<<<<<<<<<<<<<<<<<<<<	
 
129, 129, 129
Predicting 27/29...
/mnt/Drive2/lucas/datasets/IVYGAP/W8/03-24-1997-NA-MR BRAIN WITHOUT AND WITH CONTRAST D-3-99349
start forward registration
finished registration
 
>>>>>>>>>>>>>>>>>>>>>>>>>>>>>>>>>>>>>>>>>>>>>>>>>>>>>>>>>>>
run  /home/home/lucas/projects/dockerize/infer-LMI/simulator/brain -model RD -PatFileName /home/home/lucas/projects/dockerize/infer-LMI/Atlasfiles/anatomy_dat/ -Dw 0.0755785900869481 -rho 0.09425054852409848 -Tend 100 -dumpfreq 99.99 -icx 0.21554783284664153 -icy 0.3989414095878602 -icz 0.28821226656436916 -vtk 1 -N 16 -adaptive 0
<<<<<<<<<<<<<<<<<<<<<<<<<<<<<<<<<<<<<<<<<<<<<<<<<<<<<<<<<<<	
 
129, 129, 129
Predicting 28/29...
/mnt/Drive2/lucas/datasets/IVYGAP/W9/04-10-1997-NA-MR BRAIN WITHOUT AND WITH CONTRAST D-1-03090
start forward registration
finished registration
 
>>>>>>>>>>>>>>>>>>>>>>>>>>>>>>>>>>>>>>>>>>>>>>>>>>>>>>>>>>>
run  /home/home/lucas/projects/dockerize/infer-LMI/simulator/brain -model RD -PatFileName /home/home/lucas/projects/dockerize/infer-LMI/Atlasfiles/anatomy_dat/ -Dw 0.08116042976420865 -rho 0.1521489135969801 -Tend 100 -dumpfreq 99.99 -icx 0.35371000766754146 -icy 0.4987441882025451 -icz 0.48036054745316503 -vtk 1 -N 16 -adaptive 0
<<<<<<<<<<<<<<<<<<<<<<<<<<<<<<<<<<<<<<<<<<<<<<<<<<<<<<<<<<<	
 
129, 129, 129
Done.
